一月 20, 2015 10:06:16 上午 org.apache.catalina.core.AprLifecycleListener lifecycleEvent
INFO: The Apache Tomcat Native library which allows optimal performance in production environments was not found on the java.library.path: C:\Program Files\Java\jdk1.7.0_07\bin;C:\Windows\Sun\Java\bin;C:\Windows\system32;C:\Windows;D:\Dev\MinGW\bin;C:\Windows\system32;C:\Windows;C:\Windows\System32\Wbem;C:\Windows\System32\WindowsPowerShell\v1.0\;C:\Program Files (x86)\Java\jdk1.7.0_07\bin;C:\Program Files (x86)\Java\jdk1.7.0_07\jre\bin;D:\Dev\Python27;D:\Dev\Python27libs;C:\Program Files (x86)\Windows7Master;C:\Program Files (x86)\MacType;C:\Program Files (x86)\Git\cmd;D:\Dev\go1.0.3\bin;C:\Program Files (x86)\Microsoft SQL Server\80\Tools\Binn\;C:\Program Files (x86)\Microsoft SQL Server\90\Tools\binn\;C:\Program Files (x86)\Microsoft SQL Server\90\DTS\Binn\;C:\Program Files (x86)\Microsoft SQL Server\90\Tools\Binn\VSShell\Common7\IDE\;C:\Program Files (x86)\Microsoft Visual Studio 8\Common7\IDE\PrivateAssemblies\;C:\Program Files\TortoiseSVN\bin;C:\Program Files (x86)\nodejs\;%JBOSS_HOME%\bin;%ANT_HOME%\bin;D:\Dev\MinGW\bin;C:\Windows\system32;C:\Windows;C:\Windows\System32\Wbem;C:\Windows\System32\WindowsPowerShell\v1.0\;C:\Program Files (x86)\Java\jdk1.7.0_07\bin;C:\Program Files (x86)\Java\jdk1.7.0_07\jre\bin;D:\Dev\Python27;D:\Dev\Python27libs;C:\Program Files (x86)\Windows7Master;C:\Program Files (x86)\MacType;C:\Program Files (x86)\Git\cmd;D:\Dev\go1.0.3\bin;C:\Program Files (x86)\Microsoft SQL Server\80\Tools\Binn\;C:\Program Files (x86)\Microsoft SQL Server\90\Tools\binn\;C:\Program Files (x86)\Microsoft SQL Server\90\DTS\Binn\;C:\Program Files (x86)\Microsoft SQL Server\90\Tools\Binn\VSShell\Common7\IDE\;C:\Program Files (x86)\Microsoft Visual Studio 8\Common7\IDE\PrivateAssemblies\;C:\Program Files\TortoiseSVN\bin;C:\Program Files (x86)\nodejs\;%JBOSS_HOME%\bin;%ANT_HOME%\bin;;C:\Program Files\Java\jdk1.7.0_07\bin;C:\Users\Administrator\AppData\Roaming\npm;E:\ABLAZE\apache-ant-1.9.4-bin\apache-ant-1.9.4\bin;.
一月 20, 2015 10:06:16 上午 org.apache.coyote.http11.Http11Protocol init
SEVERE: Error initializing endpoint
java.net.BindException: Address already in use: JVM_Bind:8888
	at org.apache.tomcat.util.net.JIoEndpoint.init(JIoEndpoint.java:498)
	at org.apache.coyote.http11.Http11Protocol.init(Http11Protocol.java:174)
	at org.apache.catalina.connector.Connector.initialize(Connector.java:1016)
	at org.apache.catalina.core.StandardService.initialize(StandardService.java:580)
	at org.apache.catalina.core.StandardServer.initialize(StandardServer.java:791)
	at org.apache.catalina.startup.Catalina.load(Catalina.java:503)
	at org.apache.catalina.startup.Catalina.load(Catalina.java:523)
	at sun.reflect.NativeMethodAccessorImpl.invoke0(Native Method)
	at sun.reflect.NativeMethodAccessorImpl.invoke(NativeMethodAccessorImpl.java:57)
	at sun.reflect.DelegatingMethodAccessorImpl.invoke(DelegatingMethodAccessorImpl.java:43)
	at java.lang.reflect.Method.invoke(Method.java:601)
	at org.apache.catalina.startup.Bootstrap.load(Bootstrap.java:259)
	at org.apache.catalina.startup.Bootstrap.main(Bootstrap.java:411)

一月 20, 2015 10:06:16 上午 org.apache.catalina.startup.Catalina load
SEVERE: Catalina.start
LifecycleException:  Protocol handler initialization failed: java.net.BindException: Address already in use: JVM_Bind:8888
	at org.apache.catalina.connector.Connector.initialize(Connector.java:1018)
	at org.apache.catalina.core.StandardService.initialize(StandardService.java:580)
	at org.apache.catalina.core.StandardServer.initialize(StandardServer.java:791)
	at org.apache.catalina.startup.Catalina.load(Catalina.java:503)
	at org.apache.catalina.startup.Catalina.load(Catalina.java:523)
	at sun.reflect.NativeMethodAccessorImpl.invoke0(Native Method)
	at sun.reflect.NativeMethodAccessorImpl.invoke(NativeMethodAccessorImpl.java:57)
	at sun.reflect.DelegatingMethodAccessorImpl.invoke(DelegatingMethodAccessorImpl.java:43)
	at java.lang.reflect.Method.invoke(Method.java:601)
	at org.apache.catalina.startup.Bootstrap.load(Bootstrap.java:259)
	at org.apache.catalina.startup.Bootstrap.main(Bootstrap.java:411)

一月 20, 2015 10:06:16 上午 org.apache.catalina.startup.Catalina load
INFO: Initialization processed in 292 ms
一月 20, 2015 10:06:16 上午 org.apache.catalina.core.StandardService start
INFO: Starting service Catalina
一月 20, 2015 10:06:16 上午 org.apache.catalina.core.StandardEngine start
INFO: Starting Servlet Engine: Apache Tomcat/6.0.0
一月 20, 2015 10:06:16 上午 org.apache.catalina.core.StandardHost start
INFO: XML validation disabled
一月 20, 2015 10:06:16 上午 org.apache.catalina.startup.ContextConfig validateSecurityRoles
INFO: WARNING: Security role name superuser used in an <auth-constraint> without being defined in a <security-role>
一月 20, 2015 10:06:16 上午 org.apache.coyote.http11.Http11Protocol start
SEVERE: Error starting endpoint
java.net.BindException: Address already in use: JVM_Bind:8888
	at org.apache.tomcat.util.net.JIoEndpoint.init(JIoEndpoint.java:498)
	at org.apache.tomcat.util.net.JIoEndpoint.start(JIoEndpoint.java:512)
	at org.apache.coyote.http11.Http11Protocol.start(Http11Protocol.java:201)
	at org.apache.catalina.connector.Connector.start(Connector.java:1089)
	at org.apache.catalina.core.StandardService.start(StandardService.java:459)
	at org.apache.catalina.core.StandardServer.start(StandardServer.java:709)
	at org.apache.catalina.startup.Catalina.start(Catalina.java:551)
	at sun.reflect.NativeMethodAccessorImpl.invoke0(Native Method)
	at sun.reflect.NativeMethodAccessorImpl.invoke(NativeMethodAccessorImpl.java:57)
	at sun.reflect.DelegatingMethodAccessorImpl.invoke(DelegatingMethodAccessorImpl.java:43)
	at java.lang.reflect.Method.invoke(Method.java:601)
	at org.apache.catalina.startup.Bootstrap.start(Bootstrap.java:287)
	at org.apache.catalina.startup.Bootstrap.main(Bootstrap.java:412)

一月 20, 2015 10:06:16 上午 org.apache.catalina.startup.Catalina start
SEVERE: Catalina.start: 
LifecycleException:  service.getName(): "Catalina";  Protocol handler start failed: java.net.BindException: Address already in use: JVM_Bind:8888
	at org.apache.catalina.connector.Connector.start(Connector.java:1096)
	at org.apache.catalina.core.StandardService.start(StandardService.java:459)
	at org.apache.catalina.core.StandardServer.start(StandardServer.java:709)
	at org.apache.catalina.startup.Catalina.start(Catalina.java:551)
	at sun.reflect.NativeMethodAccessorImpl.invoke0(Native Method)
	at sun.reflect.NativeMethodAccessorImpl.invoke(NativeMethodAccessorImpl.java:57)
	at sun.reflect.DelegatingMethodAccessorImpl.invoke(DelegatingMethodAccessorImpl.java:43)
	at java.lang.reflect.Method.invoke(Method.java:601)
	at org.apache.catalina.startup.Bootstrap.start(Bootstrap.java:287)
	at org.apache.catalina.startup.Bootstrap.main(Bootstrap.java:412)

一月 20, 2015 10:06:16 上午 org.apache.catalina.startup.Catalina start
INFO: Server startup in 441 ms
一月 20, 2015 10:06:16 上午 org.apache.catalina.core.StandardServer await
SEVERE: StandardServer.await: create[8005]: 
java.net.BindException: Address already in use: JVM_Bind
	at java.net.DualStackPlainSocketImpl.bind0(Native Method)
	at java.net.DualStackPlainSocketImpl.socketBind(DualStackPlainSocketImpl.java:96)
	at java.net.AbstractPlainSocketImpl.bind(AbstractPlainSocketImpl.java:376)
	at java.net.PlainSocketImpl.bind(PlainSocketImpl.java:175)
	at java.net.ServerSocket.bind(ServerSocket.java:376)
	at java.net.ServerSocket.<init>(ServerSocket.java:237)
	at org.apache.catalina.core.StandardServer.await(StandardServer.java:372)
	at org.apache.catalina.startup.Catalina.await(Catalina.java:615)
	at org.apache.catalina.startup.Catalina.start(Catalina.java:575)
	at sun.reflect.NativeMethodAccessorImpl.invoke0(Native Method)
	at sun.reflect.NativeMethodAccessorImpl.invoke(NativeMethodAccessorImpl.java:57)
	at sun.reflect.DelegatingMethodAccessorImpl.invoke(DelegatingMethodAccessorImpl.java:43)
	at java.lang.reflect.Method.invoke(Method.java:601)
	at org.apache.catalina.startup.Bootstrap.start(Bootstrap.java:287)
	at org.apache.catalina.startup.Bootstrap.main(Bootstrap.java:412)

一月 20, 2015 10:06:16 上午 org.apache.coyote.http11.Http11Protocol pause
INFO: Pausing Coyote HTTP/1.1 on http-8888
一月 20, 2015 10:06:16 上午 org.apache.catalina.connector.Connector pause
SEVERE: Protocol handler pause failed
java.lang.NullPointerException
	at org.apache.jk.server.JkMain.pause(JkMain.java:677)
	at org.apache.jk.server.JkCoyoteHandler.pause(JkCoyoteHandler.java:162)
	at org.apache.catalina.connector.Connector.pause(Connector.java:1031)
	at org.apache.catalina.core.StandardService.stop(StandardService.java:491)
	at org.apache.catalina.core.StandardServer.stop(StandardServer.java:743)
	at org.apache.catalina.startup.Catalina.stop(Catalina.java:601)
	at org.apache.catalina.startup.Catalina$CatalinaShutdownHook.run(Catalina.java:644)

一月 20, 2015 10:06:17 上午 org.apache.catalina.core.StandardService stop
INFO: Stopping service Catalina
一月 20, 2015 10:06:18 上午 org.apache.catalina.connector.MapperListener destroy
WARNING: Error unregistering MBeanServerDelegate
java.lang.NullPointerException
	at org.apache.catalina.connector.MapperListener.destroy(MapperListener.java:161)
	at org.apache.catalina.connector.Connector.stop(Connector.java:1137)
	at org.apache.catalina.core.StandardService.stop(StandardService.java:521)
	at org.apache.catalina.core.StandardServer.stop(StandardServer.java:743)
	at org.apache.catalina.startup.Catalina.stop(Catalina.java:601)
	at org.apache.catalina.startup.Catalina$CatalinaShutdownHook.run(Catalina.java:644)

一月 20, 2015 10:06:18 上午 org.apache.coyote.http11.Http11Protocol destroy
INFO: Stopping Coyote HTTP/1.1 on http-8888
一月 20, 2015 10:06:18 上午 org.apache.catalina.connector.Connector stop
SEVERE: Coyote connector has not been started
一月 20, 2015 10:06:18 上午 org.apache.catalina.core.AprLifecycleListener lifecycleEvent
INFO: Failed shutdown of Apache Portable Runtime
