2006-11-3 10:19:20 org.apache.catalina.core.AprLifecycleListener lifecycleEvent
信息: The Apache Tomcat Native library which allows optimal performance in production environments was not found on the java.library.path: /home/ls/jdk1.5.0_06/jre/lib/i386/client:/home/ls/jdk1.5.0_06/jre/lib/i386:/home/ls/jdk1.5.0_06/jre/../lib/i386
2006-11-3 10:19:21 org.apache.coyote.http11.Http11Protocol init
信息: Initializing Coyote HTTP/1.1 on http-8888
2006-11-3 10:19:21 org.apache.catalina.startup.Catalina load
信息: Initialization processed in 1801 ms
2006-11-3 10:19:21 org.apache.catalina.core.StandardService start
信息: Starting service Catalina
2006-11-3 10:19:21 org.apache.catalina.core.StandardEngine start
信息: Starting Servlet Engine: Apache Tomcat/6.0.0
2006-11-3 10:19:21 org.apache.catalina.core.StandardHost start
信息: XML validation disabled
2006-11-3 10:19:23 org.apache.coyote.http11.Http11Protocol start
信息: Starting Coyote HTTP/1.1 on http-8888
2006-11-3 10:19:23 org.apache.jk.common.ChannelSocket init
信息: JK: ajp13 listening on /0.0.0.0:8009
2006-11-3 10:19:23 org.apache.jk.server.JkMain start
信息: Jk running ID=0 time=0/102  config=null
2006-11-3 10:19:23 org.apache.catalina.startup.Catalina start
信息: Server startup in 2409 ms
2006-11-3 10:19:44 org.apache.coyote.http11.Http11Protocol pause
信息: Pausing Coyote HTTP/1.1 on http-8888
2006-11-3 10:19:45 org.apache.catalina.core.StandardService stop
信息: Stopping service Catalina
2006-11-3 10:19:45 org.apache.coyote.http11.Http11Protocol destroy
信息: Stopping Coyote HTTP/1.1 on http-8888
2006-11-3 10:19:45 org.apache.catalina.core.AprLifecycleListener lifecycleEvent
信息: Failed shutdown of Apache Portable Runtime
