一月 20, 2015 10:06:16 上午 org.apache.catalina.core.ApplicationContext log
INFO: Marking servlet log4j as unavailable
一月 20, 2015 10:06:16 上午 org.apache.catalina.core.ApplicationContext log
SEVERE: Error loading WebappClassLoader
  delegate: false
  repositories:
----------> Parent Classloader:
org.apache.catalina.loader.StandardClassLoader@5bb06322
 com.bestway.bcus.CustomLog4jConfigServlet
java.lang.ClassNotFoundException: com.bestway.bcus.CustomLog4jConfigServlet
	at org.apache.catalina.loader.WebappClassLoader.loadClass(WebappClassLoader.java:1354)
	at org.apache.catalina.loader.WebappClassLoader.loadClass(WebappClassLoader.java:1200)
	at org.apache.catalina.core.StandardWrapper.loadServlet(StandardWrapper.java:1086)
	at org.apache.catalina.core.StandardWrapper.load(StandardWrapper.java:984)
	at org.apache.catalina.core.StandardContext.loadOnStartup(StandardContext.java:4043)
	at org.apache.catalina.core.StandardContext.start(StandardContext.java:4349)
	at org.apache.catalina.core.ContainerBase.addChildInternal(ContainerBase.java:759)
	at org.apache.catalina.core.ContainerBase.addChild(ContainerBase.java:739)
	at org.apache.catalina.core.StandardHost.addChild(StandardHost.java:524)
	at org.apache.catalina.startup.HostConfig.deployDirectory(HostConfig.java:919)
	at org.apache.catalina.startup.HostConfig.deployDirectories(HostConfig.java:882)
	at org.apache.catalina.startup.HostConfig.deployApps(HostConfig.java:491)
	at org.apache.catalina.startup.HostConfig.start(HostConfig.java:1137)
	at org.apache.catalina.startup.HostConfig.lifecycleEvent(HostConfig.java:310)
	at org.apache.catalina.util.LifecycleSupport.fireLifecycleEvent(LifecycleSupport.java:119)
	at org.apache.catalina.core.ContainerBase.start(ContainerBase.java:1021)
	at org.apache.catalina.core.StandardHost.start(StandardHost.java:718)
	at org.apache.catalina.core.ContainerBase.start(ContainerBase.java:1013)
	at org.apache.catalina.core.StandardEngine.start(StandardEngine.java:442)
	at org.apache.catalina.core.StandardService.start(StandardService.java:450)
	at org.apache.catalina.core.StandardServer.start(StandardServer.java:709)
	at org.apache.catalina.startup.Catalina.start(Catalina.java:551)
	at sun.reflect.NativeMethodAccessorImpl.invoke0(Native Method)
	at sun.reflect.NativeMethodAccessorImpl.invoke(NativeMethodAccessorImpl.java:57)
	at sun.reflect.DelegatingMethodAccessorImpl.invoke(DelegatingMethodAccessorImpl.java:43)
	at java.lang.reflect.Method.invoke(Method.java:601)
	at org.apache.catalina.startup.Bootstrap.start(Bootstrap.java:287)
	at org.apache.catalina.startup.Bootstrap.main(Bootstrap.java:412)

一月 20, 2015 10:06:16 上午 org.apache.catalina.core.StandardContext loadOnStartup
SEVERE: Servlet  threw load() exception
java.lang.ClassNotFoundException: com.bestway.bcus.CustomLog4jConfigServlet
	at org.apache.catalina.loader.WebappClassLoader.loadClass(WebappClassLoader.java:1354)
	at org.apache.catalina.loader.WebappClassLoader.loadClass(WebappClassLoader.java:1200)
	at org.apache.catalina.core.StandardWrapper.loadServlet(StandardWrapper.java:1086)
	at org.apache.catalina.core.StandardWrapper.load(StandardWrapper.java:984)
	at org.apache.catalina.core.StandardContext.loadOnStartup(StandardContext.java:4043)
	at org.apache.catalina.core.StandardContext.start(StandardContext.java:4349)
	at org.apache.catalina.core.ContainerBase.addChildInternal(ContainerBase.java:759)
	at org.apache.catalina.core.ContainerBase.addChild(ContainerBase.java:739)
	at org.apache.catalina.core.StandardHost.addChild(StandardHost.java:524)
	at org.apache.catalina.startup.HostConfig.deployDirectory(HostConfig.java:919)
	at org.apache.catalina.startup.HostConfig.deployDirectories(HostConfig.java:882)
	at org.apache.catalina.startup.HostConfig.deployApps(HostConfig.java:491)
	at org.apache.catalina.startup.HostConfig.start(HostConfig.java:1137)
	at org.apache.catalina.startup.HostConfig.lifecycleEvent(HostConfig.java:310)
	at org.apache.catalina.util.LifecycleSupport.fireLifecycleEvent(LifecycleSupport.java:119)
	at org.apache.catalina.core.ContainerBase.start(ContainerBase.java:1021)
	at org.apache.catalina.core.StandardHost.start(StandardHost.java:718)
	at org.apache.catalina.core.ContainerBase.start(ContainerBase.java:1013)
	at org.apache.catalina.core.StandardEngine.start(StandardEngine.java:442)
	at org.apache.catalina.core.StandardService.start(StandardService.java:450)
	at org.apache.catalina.core.StandardServer.start(StandardServer.java:709)
	at org.apache.catalina.startup.Catalina.start(Catalina.java:551)
	at sun.reflect.NativeMethodAccessorImpl.invoke0(Native Method)
	at sun.reflect.NativeMethodAccessorImpl.invoke(NativeMethodAccessorImpl.java:57)
	at sun.reflect.DelegatingMethodAccessorImpl.invoke(DelegatingMethodAccessorImpl.java:43)
	at java.lang.reflect.Method.invoke(Method.java:601)
	at org.apache.catalina.startup.Bootstrap.start(Bootstrap.java:287)
	at org.apache.catalina.startup.Bootstrap.main(Bootstrap.java:412)

一月 20, 2015 10:06:16 上午 org.apache.catalina.core.ApplicationContext log
INFO: Marking servlet context as unavailable
一月 20, 2015 10:06:16 上午 org.apache.catalina.core.ApplicationContext log
SEVERE: Error loading WebappClassLoader
  delegate: false
  repositories:
----------> Parent Classloader:
org.apache.catalina.loader.StandardClassLoader@5bb06322
 com.bestway.bcus.CustomContextLoaderServlet
java.lang.ClassNotFoundException: com.bestway.bcus.CustomContextLoaderServlet
	at org.apache.catalina.loader.WebappClassLoader.loadClass(WebappClassLoader.java:1354)
	at org.apache.catalina.loader.WebappClassLoader.loadClass(WebappClassLoader.java:1200)
	at org.apache.catalina.core.StandardWrapper.loadServlet(StandardWrapper.java:1086)
	at org.apache.catalina.core.StandardWrapper.load(StandardWrapper.java:984)
	at org.apache.catalina.core.StandardContext.loadOnStartup(StandardContext.java:4043)
	at org.apache.catalina.core.StandardContext.start(StandardContext.java:4349)
	at org.apache.catalina.core.ContainerBase.addChildInternal(ContainerBase.java:759)
	at org.apache.catalina.core.ContainerBase.addChild(ContainerBase.java:739)
	at org.apache.catalina.core.StandardHost.addChild(StandardHost.java:524)
	at org.apache.catalina.startup.HostConfig.deployDirectory(HostConfig.java:919)
	at org.apache.catalina.startup.HostConfig.deployDirectories(HostConfig.java:882)
	at org.apache.catalina.startup.HostConfig.deployApps(HostConfig.java:491)
	at org.apache.catalina.startup.HostConfig.start(HostConfig.java:1137)
	at org.apache.catalina.startup.HostConfig.lifecycleEvent(HostConfig.java:310)
	at org.apache.catalina.util.LifecycleSupport.fireLifecycleEvent(LifecycleSupport.java:119)
	at org.apache.catalina.core.ContainerBase.start(ContainerBase.java:1021)
	at org.apache.catalina.core.StandardHost.start(StandardHost.java:718)
	at org.apache.catalina.core.ContainerBase.start(ContainerBase.java:1013)
	at org.apache.catalina.core.StandardEngine.start(StandardEngine.java:442)
	at org.apache.catalina.core.StandardService.start(StandardService.java:450)
	at org.apache.catalina.core.StandardServer.start(StandardServer.java:709)
	at org.apache.catalina.startup.Catalina.start(Catalina.java:551)
	at sun.reflect.NativeMethodAccessorImpl.invoke0(Native Method)
	at sun.reflect.NativeMethodAccessorImpl.invoke(NativeMethodAccessorImpl.java:57)
	at sun.reflect.DelegatingMethodAccessorImpl.invoke(DelegatingMethodAccessorImpl.java:43)
	at java.lang.reflect.Method.invoke(Method.java:601)
	at org.apache.catalina.startup.Bootstrap.start(Bootstrap.java:287)
	at org.apache.catalina.startup.Bootstrap.main(Bootstrap.java:412)

一月 20, 2015 10:06:16 上午 org.apache.catalina.core.StandardContext loadOnStartup
SEVERE: Servlet  threw load() exception
java.lang.ClassNotFoundException: com.bestway.bcus.CustomContextLoaderServlet
	at org.apache.catalina.loader.WebappClassLoader.loadClass(WebappClassLoader.java:1354)
	at org.apache.catalina.loader.WebappClassLoader.loadClass(WebappClassLoader.java:1200)
	at org.apache.catalina.core.StandardWrapper.loadServlet(StandardWrapper.java:1086)
	at org.apache.catalina.core.StandardWrapper.load(StandardWrapper.java:984)
	at org.apache.catalina.core.StandardContext.loadOnStartup(StandardContext.java:4043)
	at org.apache.catalina.core.StandardContext.start(StandardContext.java:4349)
	at org.apache.catalina.core.ContainerBase.addChildInternal(ContainerBase.java:759)
	at org.apache.catalina.core.ContainerBase.addChild(ContainerBase.java:739)
	at org.apache.catalina.core.StandardHost.addChild(StandardHost.java:524)
	at org.apache.catalina.startup.HostConfig.deployDirectory(HostConfig.java:919)
	at org.apache.catalina.startup.HostConfig.deployDirectories(HostConfig.java:882)
	at org.apache.catalina.startup.HostConfig.deployApps(HostConfig.java:491)
	at org.apache.catalina.startup.HostConfig.start(HostConfig.java:1137)
	at org.apache.catalina.startup.HostConfig.lifecycleEvent(HostConfig.java:310)
	at org.apache.catalina.util.LifecycleSupport.fireLifecycleEvent(LifecycleSupport.java:119)
	at org.apache.catalina.core.ContainerBase.start(ContainerBase.java:1021)
	at org.apache.catalina.core.StandardHost.start(StandardHost.java:718)
	at org.apache.catalina.core.ContainerBase.start(ContainerBase.java:1013)
	at org.apache.catalina.core.StandardEngine.start(StandardEngine.java:442)
	at org.apache.catalina.core.StandardService.start(StandardService.java:450)
	at org.apache.catalina.core.StandardServer.start(StandardServer.java:709)
	at org.apache.catalina.startup.Catalina.start(Catalina.java:551)
	at sun.reflect.NativeMethodAccessorImpl.invoke0(Native Method)
	at sun.reflect.NativeMethodAccessorImpl.invoke(NativeMethodAccessorImpl.java:57)
	at sun.reflect.DelegatingMethodAccessorImpl.invoke(DelegatingMethodAccessorImpl.java:43)
	at java.lang.reflect.Method.invoke(Method.java:601)
	at org.apache.catalina.startup.Bootstrap.start(Bootstrap.java:287)
	at org.apache.catalina.startup.Bootstrap.main(Bootstrap.java:412)

一月 20, 2015 10:06:16 上午 org.apache.catalina.core.ApplicationContext log
INFO: Marking servlet http as unavailable
一月 20, 2015 10:06:16 上午 org.apache.catalina.core.ApplicationContext log
SEVERE: Error loading WebappClassLoader
  delegate: false
  repositories:
----------> Parent Classloader:
org.apache.catalina.loader.StandardClassLoader@5bb06322
 com.bestway.bcus.CustomDispatcherServlet
java.lang.ClassNotFoundException: com.bestway.bcus.CustomDispatcherServlet
	at org.apache.catalina.loader.WebappClassLoader.loadClass(WebappClassLoader.java:1354)
	at org.apache.catalina.loader.WebappClassLoader.loadClass(WebappClassLoader.java:1200)
	at org.apache.catalina.core.StandardWrapper.loadServlet(StandardWrapper.java:1086)
	at org.apache.catalina.core.StandardWrapper.load(StandardWrapper.java:984)
	at org.apache.catalina.core.StandardContext.loadOnStartup(StandardContext.java:4043)
	at org.apache.catalina.core.StandardContext.start(StandardContext.java:4349)
	at org.apache.catalina.core.ContainerBase.addChildInternal(ContainerBase.java:759)
	at org.apache.catalina.core.ContainerBase.addChild(ContainerBase.java:739)
	at org.apache.catalina.core.StandardHost.addChild(StandardHost.java:524)
	at org.apache.catalina.startup.HostConfig.deployDirectory(HostConfig.java:919)
	at org.apache.catalina.startup.HostConfig.deployDirectories(HostConfig.java:882)
	at org.apache.catalina.startup.HostConfig.deployApps(HostConfig.java:491)
	at org.apache.catalina.startup.HostConfig.start(HostConfig.java:1137)
	at org.apache.catalina.startup.HostConfig.lifecycleEvent(HostConfig.java:310)
	at org.apache.catalina.util.LifecycleSupport.fireLifecycleEvent(LifecycleSupport.java:119)
	at org.apache.catalina.core.ContainerBase.start(ContainerBase.java:1021)
	at org.apache.catalina.core.StandardHost.start(StandardHost.java:718)
	at org.apache.catalina.core.ContainerBase.start(ContainerBase.java:1013)
	at org.apache.catalina.core.StandardEngine.start(StandardEngine.java:442)
	at org.apache.catalina.core.StandardService.start(StandardService.java:450)
	at org.apache.catalina.core.StandardServer.start(StandardServer.java:709)
	at org.apache.catalina.startup.Catalina.start(Catalina.java:551)
	at sun.reflect.NativeMethodAccessorImpl.invoke0(Native Method)
	at sun.reflect.NativeMethodAccessorImpl.invoke(NativeMethodAccessorImpl.java:57)
	at sun.reflect.DelegatingMethodAccessorImpl.invoke(DelegatingMethodAccessorImpl.java:43)
	at java.lang.reflect.Method.invoke(Method.java:601)
	at org.apache.catalina.startup.Bootstrap.start(Bootstrap.java:287)
	at org.apache.catalina.startup.Bootstrap.main(Bootstrap.java:412)

一月 20, 2015 10:06:16 上午 org.apache.catalina.core.StandardContext loadOnStartup
SEVERE: Servlet  threw load() exception
java.lang.ClassNotFoundException: com.bestway.bcus.CustomDispatcherServlet
	at org.apache.catalina.loader.WebappClassLoader.loadClass(WebappClassLoader.java:1354)
	at org.apache.catalina.loader.WebappClassLoader.loadClass(WebappClassLoader.java:1200)
	at org.apache.catalina.core.StandardWrapper.loadServlet(StandardWrapper.java:1086)
	at org.apache.catalina.core.StandardWrapper.load(StandardWrapper.java:984)
	at org.apache.catalina.core.StandardContext.loadOnStartup(StandardContext.java:4043)
	at org.apache.catalina.core.StandardContext.start(StandardContext.java:4349)
	at org.apache.catalina.core.ContainerBase.addChildInternal(ContainerBase.java:759)
	at org.apache.catalina.core.ContainerBase.addChild(ContainerBase.java:739)
	at org.apache.catalina.core.StandardHost.addChild(StandardHost.java:524)
	at org.apache.catalina.startup.HostConfig.deployDirectory(HostConfig.java:919)
	at org.apache.catalina.startup.HostConfig.deployDirectories(HostConfig.java:882)
	at org.apache.catalina.startup.HostConfig.deployApps(HostConfig.java:491)
	at org.apache.catalina.startup.HostConfig.start(HostConfig.java:1137)
	at org.apache.catalina.startup.HostConfig.lifecycleEvent(HostConfig.java:310)
	at org.apache.catalina.util.LifecycleSupport.fireLifecycleEvent(LifecycleSupport.java:119)
	at org.apache.catalina.core.ContainerBase.start(ContainerBase.java:1021)
	at org.apache.catalina.core.StandardHost.start(StandardHost.java:718)
	at org.apache.catalina.core.ContainerBase.start(ContainerBase.java:1013)
	at org.apache.catalina.core.StandardEngine.start(StandardEngine.java:442)
	at org.apache.catalina.core.StandardService.start(StandardService.java:450)
	at org.apache.catalina.core.StandardServer.start(StandardServer.java:709)
	at org.apache.catalina.startup.Catalina.start(Catalina.java:551)
	at sun.reflect.NativeMethodAccessorImpl.invoke0(Native Method)
	at sun.reflect.NativeMethodAccessorImpl.invoke(NativeMethodAccessorImpl.java:57)
	at sun.reflect.DelegatingMethodAccessorImpl.invoke(DelegatingMethodAccessorImpl.java:43)
	at java.lang.reflect.Method.invoke(Method.java:601)
	at org.apache.catalina.startup.Bootstrap.start(Bootstrap.java:287)
	at org.apache.catalina.startup.Bootstrap.main(Bootstrap.java:412)

